04-Apr-2022 21:06:01.897 INFO [main] org.apache.catalina.startup.VersionLoggerListener.log Server version name:   Apache Tomcat/10.0.16
04-Apr-2022 21:06:01.936 INFO [main] org.apache.catalina.startup.VersionLoggerListener.log Server built:          Jan 15 2022 13:19:56 UTC
04-Apr-2022 21:06:01.937 INFO [main] org.apache.catalina.startup.VersionLoggerListener.log Server version number: 10.0.16.0
04-Apr-2022 21:06:01.937 INFO [main] org.apache.catalina.startup.VersionLoggerListener.log OS Name:               Windows 10
04-Apr-2022 21:06:01.937 INFO [main] org.apache.catalina.startup.VersionLoggerListener.log OS Version:            10.0
04-Apr-2022 21:06:01.937 INFO [main] org.apache.catalina.startup.VersionLoggerListener.log Architecture:          amd64
04-Apr-2022 21:06:01.937 INFO [main] org.apache.catalina.startup.VersionLoggerListener.log Java Home:             C:\Program Files\Java\jre1.8.0_141
04-Apr-2022 21:06:01.937 INFO [main] org.apache.catalina.startup.VersionLoggerListener.log JVM Version:           1.8.0_141-b15
04-Apr-2022 21:06:01.937 INFO [main] org.apache.catalina.startup.VersionLoggerListener.log JVM Vendor:            Oracle Corporation
04-Apr-2022 21:06:01.937 INFO [main] org.apache.catalina.startup.VersionLoggerListener.log CATALINA_BASE:         E:\torrent\apache-tomcat-10.0.16
04-Apr-2022 21:06:01.938 INFO [main] org.apache.catalina.startup.VersionLoggerListener.log CATALINA_HOME:         E:\torrent\apache-tomcat-10.0.16
04-Apr-2022 21:06:01.947 INFO [main] org.apache.catalina.startup.VersionLoggerListener.log Command line argument: -Djava.util.logging.config.file=E:/torrent/apache-tomcat-10.0.16/conf/logging.properties
04-Apr-2022 21:06:01.947 INFO [main] org.apache.catalina.startup.VersionLoggerListener.log Command line argument: -Djava.util.logging.manager=org.apache.juli.ClassLoaderLogManager
04-Apr-2022 21:06:01.948 INFO [main] org.apache.catalina.startup.VersionLoggerListener.log Command line argument: -Djdk.tls.ephemeralDHKeySize=2048
04-Apr-2022 21:06:01.948 INFO [main] org.apache.catalina.startup.VersionLoggerListener.log Command line argument: -Djava.protocol.handler.pkgs=org.apache.catalina.webresources
04-Apr-2022 21:06:01.948 INFO [main] org.apache.catalina.startup.VersionLoggerListener.log Command line argument: -Dorg.apache.catalina.security.SecurityListener.UMASK=0027
04-Apr-2022 21:06:01.948 INFO [main] org.apache.catalina.startup.VersionLoggerListener.log Command line argument: -Dignore.endorsed.dirs=
04-Apr-2022 21:06:01.948 INFO [main] org.apache.catalina.startup.VersionLoggerListener.log Command line argument: -Dcatalina.base=E:/torrent/apache-tomcat-10.0.16
04-Apr-2022 21:06:01.948 INFO [main] org.apache.catalina.startup.VersionLoggerListener.log Command line argument: -Dcatalina.home=E:/torrent/apache-tomcat-10.0.16
04-Apr-2022 21:06:01.949 INFO [main] org.apache.catalina.startup.VersionLoggerListener.log Command line argument: -Djava.io.tmpdir=E:/torrent/apache-tomcat-10.0.16/temp
04-Apr-2022 21:06:01.973 INFO [main] org.apache.catalina.core.AprLifecycleListener.lifecycleEvent The Apache Tomcat Native library which allows using OpenSSL was not found on the java.library.path: [C:\Program Files\Java\jre1.8.0_141\bin;C:\Windows\Sun\Java\bin;C:\Windows\system32;C:\Windows;C:\Users\moham\bin;C:\Program Files\Git\mingw64\bin;C:\Program Files\Git\usr\local\bin;C:\Program Files\Git\usr\bin;C:\Program Files\Git\usr\bin;C:\Program Files\Git\mingw64\bin;C:\Program Files\Git\usr\bin;C:\Users\moham\bin;C:\Program Files\Python38\Scripts;C:\Program Files\Python38;C:\Program Files (x86)\VMware\VMware Player\bin;C:\ProgramData\Oracle\Java\javapath;C:\Windows\system32;C:\Windows;C:\Windows\System32\Wbem;C:\Windows\System32\WindowsPowerShell\v1.0;C:\Windows\System32\OpenSSH;C:\Program Files\Git\cmd;C:\Program Files\nodejs;C:\Program Files\MongoDB\Server\5.0\bin;C:\Program Files\MongoDB\Tools\100\bin;C:\Program Files\Docker\Docker\resources\bin;C:\ProgramData\DockerDesktop\version-bin;C:\Users\moham\scoop\shims;C:\Program Files\MySQL\MySQL Shell 8.0\bin;C:\Users\moham\AppData\Local\Microsoft\WindowsApps;C:\Users\moham\AppData\Roaming\npm;C:\Users\moham\AppData\Local\Programs\Microsoft VS Code\bin;C:\Users\moham\AppData\Local\atom\bin;C:\Program Files\Java\jdk1.8.0_141\bin;C:\Users\moham\AppData\Local\Programs\mongosh;C:\Program Files\JetBrains\PyCharm 2021.3.2\bin;C:\Program Files\Git\usr\bin\vendor_perl;C:\Program Files\Git\usr\bin\core_perl;.]
04-Apr-2022 21:06:02.834 INFO [main] org.apache.coyote.AbstractProtocol.init Initializing ProtocolHandler ["http-nio-8080"]
04-Apr-2022 21:06:02.890 INFO [main] org.apache.catalina.startup.Catalina.load Server initialization in [1438] milliseconds
04-Apr-2022 21:06:02.975 INFO [main] org.apache.catalina.core.StandardService.startInternal Starting service [Catalina]
04-Apr-2022 21:06:02.975 INFO [main] org.apache.catalina.core.StandardEngine.startInternal Starting Servlet engine: [Apache Tomcat/10.0.16]
04-Apr-2022 21:06:03.022 INFO [main] org.apache.catalina.startup.HostConfig.deployWAR Deploying web application archive [E:\torrent\apache-tomcat-10.0.16\webapps\E_Shopper.war]
04-Apr-2022 21:06:03.072 INFO [main] org.apache.catalina.startup.ExpandWar.expand An expanded directory [E:\torrent\apache-tomcat-10.0.16\webapps\E_Shopper] was found with a last modified time that did not match the associated WAR. It will be deleted.
04-Apr-2022 21:06:07.070 INFO [main] org.apache.jasper.servlet.TldScanner.scanJars At least one JAR was scanned for TLDs yet contained no TLDs. Enable debug logging for this logger for a complete list of JARs that were scanned but no TLDs were found in them. Skipping unneeded JARs during scanning can improve startup time and JSP compilation time.
04-Apr-2022 21:06:08.011 WARNING [main] org.apache.catalina.util.SessionIdGeneratorBase.createSecureRandom Creation of SecureRandom instance for session ID generation using [SHA1PRNG] took [897] milliseconds.
04-Apr-2022 21:06:08.065 INFO [main] org.apache.catalina.startup.HostConfig.deployWAR Deployment of web application archive [E:\torrent\apache-tomcat-10.0.16\webapps\E_Shopper.war] has finished in [5,042] ms
04-Apr-2022 21:06:08.229 INFO [main] org.apache.catalina.startup.HostConfig.deployWAR Deploying web application archive [E:\torrent\apache-tomcat-10.0.16\webapps\hellouser.war]
04-Apr-2022 21:06:08.304 INFO [main] org.apache.catalina.startup.HostConfig.deployWAR Deployment of web application archive [E:\torrent\apache-tomcat-10.0.16\webapps\hellouser.war] has finished in [75] ms
04-Apr-2022 21:06:08.381 INFO [main] org.apache.catalina.startup.HostConfig.deployWAR Deploying web application archive [E:\torrent\apache-tomcat-10.0.16\webapps\helloworld.war]
04-Apr-2022 21:06:08.502 INFO [main] org.apache.catalina.startup.HostConfig.deployWAR Deployment of web application archive [E:\torrent\apache-tomcat-10.0.16\webapps\helloworld.war] has finished in [121] ms
04-Apr-2022 21:06:08.572 INFO [main] org.apache.catalina.startup.HostConfig.deployWAR Deploying web application archive [E:\torrent\apache-tomcat-10.0.16\webapps\Inquiry.war]
04-Apr-2022 21:06:08.665 INFO [main] org.apache.catalina.startup.HostConfig.deployWAR Deployment of web application archive [E:\torrent\apache-tomcat-10.0.16\webapps\Inquiry.war] has finished in [93] ms
04-Apr-2022 21:06:08.694 INFO [main] org.apache.catalina.startup.HostConfig.deployWAR Deploying web application archive [E:\torrent\apache-tomcat-10.0.16\webapps\mime_type.war]
04-Apr-2022 21:06:09.010 INFO [main] org.apache.jasper.servlet.TldScanner.scanJars At least one JAR was scanned for TLDs yet contained no TLDs. Enable debug logging for this logger for a complete list of JARs that were scanned but no TLDs were found in them. Skipping unneeded JARs during scanning can improve startup time and JSP compilation time.
04-Apr-2022 21:06:09.015 INFO [main] org.apache.catalina.startup.HostConfig.deployWAR Deployment of web application archive [E:\torrent\apache-tomcat-10.0.16\webapps\mime_type.war] has finished in [321] ms
04-Apr-2022 21:06:09.015 INFO [main] org.apache.catalina.startup.HostConfig.deployDirectory Deploying web application directory [E:\torrent\apache-tomcat-10.0.16\webapps\docs]
04-Apr-2022 21:06:09.050 INFO [main] org.apache.catalina.startup.HostConfig.deployDirectory Deployment of web application directory [E:\torrent\apache-tomcat-10.0.16\webapps\docs] has finished in [35] ms
04-Apr-2022 21:06:09.051 INFO [main] org.apache.catalina.startup.HostConfig.deployDirectory Deploying web application directory [E:\torrent\apache-tomcat-10.0.16\webapps\examples]
04-Apr-2022 21:06:10.179 INFO [main] org.apache.catalina.startup.HostConfig.deployDirectory Deployment of web application directory [E:\torrent\apache-tomcat-10.0.16\webapps\examples] has finished in [1,125] ms
04-Apr-2022 21:06:10.181 INFO [main] org.apache.catalina.startup.HostConfig.deployDirectory Deploying web application directory [E:\torrent\apache-tomcat-10.0.16\webapps\host-manager]
04-Apr-2022 21:06:10.267 INFO [main] org.apache.catalina.startup.HostConfig.deployDirectory Deployment of web application directory [E:\torrent\apache-tomcat-10.0.16\webapps\host-manager] has finished in [86] ms
04-Apr-2022 21:06:10.267 INFO [main] org.apache.catalina.startup.HostConfig.deployDirectory Deploying web application directory [E:\torrent\apache-tomcat-10.0.16\webapps\manager]
04-Apr-2022 21:06:10.451 INFO [main] org.apache.catalina.startup.HostConfig.deployDirectory Deployment of web application directory [E:\torrent\apache-tomcat-10.0.16\webapps\manager] has finished in [184] ms
04-Apr-2022 21:06:10.452 INFO [main] org.apache.catalina.startup.HostConfig.deployDirectory Deploying web application directory [E:\torrent\apache-tomcat-10.0.16\webapps\ROOT]
04-Apr-2022 21:06:10.582 INFO [main] org.apache.catalina.startup.HostConfig.deployDirectory Deployment of web application directory [E:\torrent\apache-tomcat-10.0.16\webapps\ROOT] has finished in [129] ms
04-Apr-2022 21:06:10.583 INFO [main] org.apache.catalina.startup.HostConfig.deployDirectory Deploying web application directory [E:\torrent\apache-tomcat-10.0.16\webapps\staticsite]
04-Apr-2022 21:06:10.618 INFO [main] org.apache.catalina.startup.HostConfig.deployDirectory Deployment of web application directory [E:\torrent\apache-tomcat-10.0.16\webapps\staticsite] has finished in [35] ms
04-Apr-2022 21:06:10.624 INFO [main] org.apache.coyote.AbstractProtocol.start Starting ProtocolHandler ["http-nio-8080"]
04-Apr-2022 21:06:10.674 INFO [main] org.apache.catalina.startup.Catalina.start Server startup in [7783] milliseconds
04-Apr-2022 21:06:19.271 INFO [main] org.apache.catalina.core.StandardServer.await A valid shutdown command was received via the shutdown port. Stopping the Server instance.
04-Apr-2022 21:06:19.272 INFO [main] org.apache.coyote.AbstractProtocol.pause Pausing ProtocolHandler ["http-nio-8080"]
04-Apr-2022 21:06:19.747 INFO [main] org.apache.catalina.core.StandardService.stopInternal Stopping service [Catalina]
04-Apr-2022 21:06:19.803 INFO [main] org.apache.coyote.AbstractProtocol.stop Stopping ProtocolHandler ["http-nio-8080"]
04-Apr-2022 21:06:19.848 INFO [main] org.apache.coyote.AbstractProtocol.destroy Destroying ProtocolHandler ["http-nio-8080"]
