25-Feb-2022 18:24:26.050 INFO [main] org.apache.catalina.startup.VersionLoggerListener.log Server version name:   Apache Tomcat/10.0.16
25-Feb-2022 18:24:26.074 INFO [main] org.apache.catalina.startup.VersionLoggerListener.log Server built:          Jan 15 2022 13:19:56 UTC
25-Feb-2022 18:24:26.074 INFO [main] org.apache.catalina.startup.VersionLoggerListener.log Server version number: 10.0.16.0
25-Feb-2022 18:24:26.074 INFO [main] org.apache.catalina.startup.VersionLoggerListener.log OS Name:               Windows 10
25-Feb-2022 18:24:26.074 INFO [main] org.apache.catalina.startup.VersionLoggerListener.log OS Version:            10.0
25-Feb-2022 18:24:26.074 INFO [main] org.apache.catalina.startup.VersionLoggerListener.log Architecture:          amd64
25-Feb-2022 18:24:26.074 INFO [main] org.apache.catalina.startup.VersionLoggerListener.log Java Home:             C:\Program Files\Java\jre1.8.0_141
25-Feb-2022 18:24:26.075 INFO [main] org.apache.catalina.startup.VersionLoggerListener.log JVM Version:           1.8.0_141-b15
25-Feb-2022 18:24:26.075 INFO [main] org.apache.catalina.startup.VersionLoggerListener.log JVM Vendor:            Oracle Corporation
25-Feb-2022 18:24:26.075 INFO [main] org.apache.catalina.startup.VersionLoggerListener.log CATALINA_BASE:         E:\torrent\apache-tomcat-10.0.16
25-Feb-2022 18:24:26.075 INFO [main] org.apache.catalina.startup.VersionLoggerListener.log CATALINA_HOME:         E:\torrent\apache-tomcat-10.0.16
25-Feb-2022 18:24:26.077 INFO [main] org.apache.catalina.startup.VersionLoggerListener.log Command line argument: -Djava.util.logging.config.file=E:/torrent/apache-tomcat-10.0.16/conf/logging.properties
25-Feb-2022 18:24:26.077 INFO [main] org.apache.catalina.startup.VersionLoggerListener.log Command line argument: -Djava.util.logging.manager=org.apache.juli.ClassLoaderLogManager
25-Feb-2022 18:24:26.077 INFO [main] org.apache.catalina.startup.VersionLoggerListener.log Command line argument: -Djdk.tls.ephemeralDHKeySize=2048
25-Feb-2022 18:24:26.077 INFO [main] org.apache.catalina.startup.VersionLoggerListener.log Command line argument: -Djava.protocol.handler.pkgs=org.apache.catalina.webresources
25-Feb-2022 18:24:26.077 INFO [main] org.apache.catalina.startup.VersionLoggerListener.log Command line argument: -Dorg.apache.catalina.security.SecurityListener.UMASK=0027
25-Feb-2022 18:24:26.077 INFO [main] org.apache.catalina.startup.VersionLoggerListener.log Command line argument: -Dignore.endorsed.dirs=
25-Feb-2022 18:24:26.077 INFO [main] org.apache.catalina.startup.VersionLoggerListener.log Command line argument: -Dcatalina.base=E:/torrent/apache-tomcat-10.0.16
25-Feb-2022 18:24:26.077 INFO [main] org.apache.catalina.startup.VersionLoggerListener.log Command line argument: -Dcatalina.home=E:/torrent/apache-tomcat-10.0.16
25-Feb-2022 18:24:26.078 INFO [main] org.apache.catalina.startup.VersionLoggerListener.log Command line argument: -Djava.io.tmpdir=E:/torrent/apache-tomcat-10.0.16/temp
25-Feb-2022 18:24:26.091 INFO [main] org.apache.catalina.core.AprLifecycleListener.lifecycleEvent The Apache Tomcat Native library which allows using OpenSSL was not found on the java.library.path: [C:\Program Files\Java\jre1.8.0_141\bin;C:\Windows\Sun\Java\bin;C:\Windows\system32;C:\Windows;C:\Users\moham\bin;C:\Program Files\Git\mingw64\bin;C:\Program Files\Git\usr\local\bin;C:\Program Files\Git\usr\bin;C:\Program Files\Git\usr\bin;C:\Program Files\Git\mingw64\bin;C:\Program Files\Git\usr\bin;C:\Users\moham\bin;C:\ProgramData\Oracle\Java\javapath;C:\Windows\system32;C:\Windows;C:\Windows\System32\Wbem;C:\Windows\System32\WindowsPowerShell\v1.0;C:\Windows\System32\OpenSSH;C:\Program Files\Git\cmd;C:\Program Files\nodejs;C:\Program Files\MongoDB\Server\5.0\bin;C:\Program Files\MySQL\MySQL Shell 8.0\bin;C:\Users\moham\AppData\Local\Microsoft\WindowsApps;C:\Users\moham\AppData\Roaming\npm;C:\Users\moham\AppData\Local\Programs\Microsoft VS Code\bin;C:\Users\moham\AppData\Local\atom\bin;C:\Program Files\Java\jdk1.8.0_141\bin;C:\Users\moham\AppData\Local\Programs\mongosh;C:\Program Files\Git\usr\bin\vendor_perl;C:\Program Files\Git\usr\bin\core_perl;.]
25-Feb-2022 18:24:26.655 INFO [main] org.apache.coyote.AbstractProtocol.init Initializing ProtocolHandler ["http-nio-8080"]
25-Feb-2022 18:24:26.697 INFO [main] org.apache.catalina.startup.Catalina.load Server initialization in [974] milliseconds
25-Feb-2022 18:24:26.785 INFO [main] org.apache.catalina.core.StandardService.startInternal Starting service [Catalina]
25-Feb-2022 18:24:26.785 INFO [main] org.apache.catalina.core.StandardEngine.startInternal Starting Servlet engine: [Apache Tomcat/10.0.16]
25-Feb-2022 18:24:26.877 INFO [main] org.apache.catalina.startup.HostConfig.deployWAR Deploying web application archive [E:\torrent\apache-tomcat-10.0.16\webapps\lab_1-1.0-SNAPSHOT.war]
25-Feb-2022 18:24:27.598 WARNING [main] org.apache.catalina.util.SessionIdGeneratorBase.createSecureRandom Creation of SecureRandom instance for session ID generation using [SHA1PRNG] took [295] milliseconds.
25-Feb-2022 18:24:27.632 INFO [main] org.apache.catalina.startup.HostConfig.deployWAR Deployment of web application archive [E:\torrent\apache-tomcat-10.0.16\webapps\lab_1-1.0-SNAPSHOT.war] has finished in [755] ms
25-Feb-2022 18:24:27.633 INFO [main] org.apache.catalina.startup.HostConfig.deployDirectory Deploying web application directory [E:\torrent\apache-tomcat-10.0.16\webapps\docs]
25-Feb-2022 18:24:27.669 INFO [main] org.apache.catalina.startup.HostConfig.deployDirectory Deployment of web application directory [E:\torrent\apache-tomcat-10.0.16\webapps\docs] has finished in [36] ms
25-Feb-2022 18:24:27.670 INFO [main] org.apache.catalina.startup.HostConfig.deployDirectory Deploying web application directory [E:\torrent\apache-tomcat-10.0.16\webapps\examples]
25-Feb-2022 18:24:28.352 INFO [main] org.apache.catalina.startup.HostConfig.deployDirectory Deployment of web application directory [E:\torrent\apache-tomcat-10.0.16\webapps\examples] has finished in [683] ms
25-Feb-2022 18:24:28.353 INFO [main] org.apache.catalina.startup.HostConfig.deployDirectory Deploying web application directory [E:\torrent\apache-tomcat-10.0.16\webapps\helloworld]
25-Feb-2022 18:24:28.413 INFO [main] org.apache.catalina.startup.HostConfig.deployDirectory Deployment of web application directory [E:\torrent\apache-tomcat-10.0.16\webapps\helloworld] has finished in [60] ms
25-Feb-2022 18:24:28.413 INFO [main] org.apache.catalina.startup.HostConfig.deployDirectory Deploying web application directory [E:\torrent\apache-tomcat-10.0.16\webapps\host-manager]
25-Feb-2022 18:24:28.486 INFO [main] org.apache.catalina.startup.HostConfig.deployDirectory Deployment of web application directory [E:\torrent\apache-tomcat-10.0.16\webapps\host-manager] has finished in [73] ms
25-Feb-2022 18:24:28.486 INFO [main] org.apache.catalina.startup.HostConfig.deployDirectory Deploying web application directory [E:\torrent\apache-tomcat-10.0.16\webapps\lab_1_1]
25-Feb-2022 18:24:28.514 INFO [main] org.apache.catalina.startup.HostConfig.deployDirectory Deployment of web application directory [E:\torrent\apache-tomcat-10.0.16\webapps\lab_1_1] has finished in [28] ms
25-Feb-2022 18:24:28.514 INFO [main] org.apache.catalina.startup.HostConfig.deployDirectory Deploying web application directory [E:\torrent\apache-tomcat-10.0.16\webapps\manager]
25-Feb-2022 18:24:28.554 INFO [main] org.apache.catalina.startup.HostConfig.deployDirectory Deployment of web application directory [E:\torrent\apache-tomcat-10.0.16\webapps\manager] has finished in [40] ms
25-Feb-2022 18:24:28.554 INFO [main] org.apache.catalina.startup.HostConfig.deployDirectory Deploying web application directory [E:\torrent\apache-tomcat-10.0.16\webapps\ROOT]
25-Feb-2022 18:24:28.581 INFO [main] org.apache.catalina.startup.HostConfig.deployDirectory Deployment of web application directory [E:\torrent\apache-tomcat-10.0.16\webapps\ROOT] has finished in [27] ms
25-Feb-2022 18:24:28.581 INFO [main] org.apache.catalina.startup.HostConfig.deployDirectory Deploying web application directory [E:\torrent\apache-tomcat-10.0.16\webapps\staticsite]
25-Feb-2022 18:24:28.602 INFO [main] org.apache.catalina.startup.HostConfig.deployDirectory Deployment of web application directory [E:\torrent\apache-tomcat-10.0.16\webapps\staticsite] has finished in [21] ms
25-Feb-2022 18:24:28.607 INFO [main] org.apache.coyote.AbstractProtocol.start Starting ProtocolHandler ["http-nio-8080"]
25-Feb-2022 18:24:28.635 INFO [main] org.apache.catalina.startup.Catalina.start Server startup in [1938] milliseconds
25-Feb-2022 18:27:08.899 INFO [Catalina-utility-1] org.apache.catalina.users.MemoryUserDatabase.backgroundProcess Reloading memory user database [UserDatabase] from updated source [file:/E:/torrent/apache-tomcat-10.0.16/conf/tomcat-users.xml]
25-Feb-2022 18:30:49.916 INFO [Catalina-utility-1] org.apache.catalina.startup.HostConfig.undeploy Undeploying context [/lab_1-1.0-SNAPSHOT]
25-Feb-2022 18:33:10.141 INFO [Catalina-utility-2] org.apache.catalina.startup.HostConfig.undeploy Undeploying context [/helloworld]
25-Feb-2022 18:33:10.199 INFO [Catalina-utility-2] org.apache.catalina.startup.HostConfig.deployWAR Deploying web application archive [E:\torrent\apache-tomcat-10.0.16\webapps\helloworld.war]
25-Feb-2022 18:33:10.326 INFO [Catalina-utility-2] org.apache.catalina.startup.HostConfig.deployWAR Deployment of web application archive [E:\torrent\apache-tomcat-10.0.16\webapps\helloworld.war] has finished in [127] ms
25-Feb-2022 18:34:30.450 INFO [Catalina-utility-1] org.apache.catalina.startup.HostConfig.deployWAR Deploying web application archive [E:\torrent\apache-tomcat-10.0.16\webapps\hellouser.war]
25-Feb-2022 18:34:30.600 INFO [Catalina-utility-1] org.apache.catalina.startup.HostConfig.deployWAR Deployment of web application archive [E:\torrent\apache-tomcat-10.0.16\webapps\hellouser.war] has finished in [150] ms
25-Feb-2022 18:35:30.677 INFO [Catalina-utility-2] org.apache.catalina.startup.HostConfig.deployWAR Deploying web application archive [E:\torrent\apache-tomcat-10.0.16\webapps\Inquiry.war]
25-Feb-2022 18:35:30.745 INFO [Catalina-utility-2] org.apache.catalina.startup.HostConfig.deployWAR Deployment of web application archive [E:\torrent\apache-tomcat-10.0.16\webapps\Inquiry.war] has finished in [69] ms
25-Feb-2022 18:36:01.310 INFO [Catalina-utility-1] org.apache.catalina.startup.HostConfig.undeploy Undeploying context [/lab_1_1]
25-Feb-2022 18:43:09.489 INFO [main] org.apache.catalina.core.StandardServer.await A valid shutdown command was received via the shutdown port. Stopping the Server instance.
25-Feb-2022 18:43:09.490 INFO [main] org.apache.coyote.AbstractProtocol.pause Pausing ProtocolHandler ["http-nio-8080"]
25-Feb-2022 18:43:09.869 INFO [main] org.apache.catalina.core.StandardService.stopInternal Stopping service [Catalina]
25-Feb-2022 18:43:09.918 INFO [main] org.apache.coyote.AbstractProtocol.stop Stopping ProtocolHandler ["http-nio-8080"]
25-Feb-2022 18:43:09.922 INFO [main] org.apache.coyote.AbstractProtocol.destroy Destroying ProtocolHandler ["http-nio-8080"]
