24-Feb-2022 19:12:08.694 INFO [main] org.apache.catalina.startup.VersionLoggerListener.log Server version name:   Apache Tomcat/10.0.16
24-Feb-2022 19:12:08.731 INFO [main] org.apache.catalina.startup.VersionLoggerListener.log Server built:          Jan 15 2022 13:19:56 UTC
24-Feb-2022 19:12:08.731 INFO [main] org.apache.catalina.startup.VersionLoggerListener.log Server version number: 10.0.16.0
24-Feb-2022 19:12:08.731 INFO [main] org.apache.catalina.startup.VersionLoggerListener.log OS Name:               Windows 10
24-Feb-2022 19:12:08.731 INFO [main] org.apache.catalina.startup.VersionLoggerListener.log OS Version:            10.0
24-Feb-2022 19:12:08.732 INFO [main] org.apache.catalina.startup.VersionLoggerListener.log Architecture:          amd64
24-Feb-2022 19:12:08.732 INFO [main] org.apache.catalina.startup.VersionLoggerListener.log Java Home:             C:\Program Files\Java\jre1.8.0_141
24-Feb-2022 19:12:08.732 INFO [main] org.apache.catalina.startup.VersionLoggerListener.log JVM Version:           1.8.0_141-b15
24-Feb-2022 19:12:08.732 INFO [main] org.apache.catalina.startup.VersionLoggerListener.log JVM Vendor:            Oracle Corporation
24-Feb-2022 19:12:08.732 INFO [main] org.apache.catalina.startup.VersionLoggerListener.log CATALINA_BASE:         E:\torrent\apache-tomcat-10.0.16\apache-tomcat-10.0.16
24-Feb-2022 19:12:08.732 INFO [main] org.apache.catalina.startup.VersionLoggerListener.log CATALINA_HOME:         E:\torrent\apache-tomcat-10.0.16\apache-tomcat-10.0.16
24-Feb-2022 19:12:08.733 INFO [main] org.apache.catalina.startup.VersionLoggerListener.log Command line argument: -Djava.util.logging.config.file=E:/torrent/apache-tomcat-10.0.16/apache-tomcat-10.0.16/conf/logging.properties
24-Feb-2022 19:12:08.734 INFO [main] org.apache.catalina.startup.VersionLoggerListener.log Command line argument: -Djava.util.logging.manager=org.apache.juli.ClassLoaderLogManager
24-Feb-2022 19:12:08.734 INFO [main] org.apache.catalina.startup.VersionLoggerListener.log Command line argument: -Djdk.tls.ephemeralDHKeySize=2048
24-Feb-2022 19:12:08.734 INFO [main] org.apache.catalina.startup.VersionLoggerListener.log Command line argument: -Djava.protocol.handler.pkgs=org.apache.catalina.webresources
24-Feb-2022 19:12:08.734 INFO [main] org.apache.catalina.startup.VersionLoggerListener.log Command line argument: -Dorg.apache.catalina.security.SecurityListener.UMASK=0027
24-Feb-2022 19:12:08.734 INFO [main] org.apache.catalina.startup.VersionLoggerListener.log Command line argument: -Dignore.endorsed.dirs=
24-Feb-2022 19:12:08.737 INFO [main] org.apache.catalina.startup.VersionLoggerListener.log Command line argument: -Dcatalina.base=E:/torrent/apache-tomcat-10.0.16/apache-tomcat-10.0.16
24-Feb-2022 19:12:08.737 INFO [main] org.apache.catalina.startup.VersionLoggerListener.log Command line argument: -Dcatalina.home=E:/torrent/apache-tomcat-10.0.16/apache-tomcat-10.0.16
24-Feb-2022 19:12:08.737 INFO [main] org.apache.catalina.startup.VersionLoggerListener.log Command line argument: -Djava.io.tmpdir=E:/torrent/apache-tomcat-10.0.16/apache-tomcat-10.0.16/temp
24-Feb-2022 19:12:08.745 INFO [main] org.apache.catalina.core.AprLifecycleListener.lifecycleEvent The Apache Tomcat Native library which allows using OpenSSL was not found on the java.library.path: [C:\Program Files\Java\jre1.8.0_141\bin;C:\Windows\Sun\Java\bin;C:\Windows\system32;C:\Windows;C:\Users\moham\bin;C:\Program Files\Git\mingw64\bin;C:\Program Files\Git\usr\local\bin;C:\Program Files\Git\usr\bin;C:\Program Files\Git\usr\bin;C:\Program Files\Git\mingw64\bin;C:\Program Files\Git\usr\bin;C:\Users\moham\bin;C:\ProgramData\Oracle\Java\javapath;C:\Windows\system32;C:\Windows;C:\Windows\System32\Wbem;C:\Windows\System32\WindowsPowerShell\v1.0;C:\Windows\System32\OpenSSH;C:\Program Files\Git\cmd;C:\Program Files\nodejs;C:\Program Files\MySQL\MySQL Shell 8.0\bin;C:\Users\moham\AppData\Local\Microsoft\WindowsApps;C:\Users\moham\AppData\Roaming\npm;C:\Users\moham\AppData\Local\Programs\Microsoft VS Code\bin;C:\Users\moham\AppData\Local\atom\bin;C:\Program Files\Java\jdk1.8.0_141\bin;C:\Program Files\Git\usr\bin\vendor_perl;C:\Program Files\Git\usr\bin\core_perl;.]
24-Feb-2022 19:12:09.552 INFO [main] org.apache.coyote.AbstractProtocol.init Initializing ProtocolHandler ["http-nio-8080"]
24-Feb-2022 19:12:09.605 INFO [main] org.apache.catalina.startup.Catalina.load Server initialization in [1299] milliseconds
24-Feb-2022 19:12:09.684 INFO [main] org.apache.catalina.core.StandardService.startInternal Starting service [Catalina]
24-Feb-2022 19:12:09.684 INFO [main] org.apache.catalina.core.StandardEngine.startInternal Starting Servlet engine: [Apache Tomcat/10.0.16]
24-Feb-2022 19:12:09.715 INFO [main] org.apache.catalina.startup.HostConfig.deployWAR Deploying web application archive [E:\torrent\apache-tomcat-10.0.16\apache-tomcat-10.0.16\webapps\lab_2-1.0-SNAPSHOT.war]
24-Feb-2022 19:12:10.313 WARNING [main] org.apache.catalina.util.SessionIdGeneratorBase.createSecureRandom Creation of SecureRandom instance for session ID generation using [SHA1PRNG] took [239] milliseconds.
24-Feb-2022 19:12:10.340 INFO [main] org.apache.catalina.startup.HostConfig.deployWAR Deployment of web application archive [E:\torrent\apache-tomcat-10.0.16\apache-tomcat-10.0.16\webapps\lab_2-1.0-SNAPSHOT.war] has finished in [625] ms
24-Feb-2022 19:12:10.341 INFO [main] org.apache.catalina.startup.HostConfig.deployDirectory Deploying web application directory [E:\torrent\apache-tomcat-10.0.16\apache-tomcat-10.0.16\webapps\docs]
24-Feb-2022 19:12:10.366 INFO [main] org.apache.catalina.startup.HostConfig.deployDirectory Deployment of web application directory [E:\torrent\apache-tomcat-10.0.16\apache-tomcat-10.0.16\webapps\docs] has finished in [25] ms
24-Feb-2022 19:12:10.366 INFO [main] org.apache.catalina.startup.HostConfig.deployDirectory Deploying web application directory [E:\torrent\apache-tomcat-10.0.16\apache-tomcat-10.0.16\webapps\examples]
24-Feb-2022 19:12:11.176 INFO [main] org.apache.catalina.startup.HostConfig.deployDirectory Deployment of web application directory [E:\torrent\apache-tomcat-10.0.16\apache-tomcat-10.0.16\webapps\examples] has finished in [810] ms
24-Feb-2022 19:12:11.177 INFO [main] org.apache.catalina.startup.HostConfig.deployDirectory Deploying web application directory [E:\torrent\apache-tomcat-10.0.16\apache-tomcat-10.0.16\webapps\host-manager]
24-Feb-2022 19:12:11.223 INFO [main] org.apache.catalina.startup.HostConfig.deployDirectory Deployment of web application directory [E:\torrent\apache-tomcat-10.0.16\apache-tomcat-10.0.16\webapps\host-manager] has finished in [47] ms
24-Feb-2022 19:12:11.223 INFO [main] org.apache.catalina.startup.HostConfig.deployDirectory Deploying web application directory [E:\torrent\apache-tomcat-10.0.16\apache-tomcat-10.0.16\webapps\lab_1_1]
24-Feb-2022 19:12:11.259 INFO [main] org.apache.catalina.startup.HostConfig.deployDirectory Deployment of web application directory [E:\torrent\apache-tomcat-10.0.16\apache-tomcat-10.0.16\webapps\lab_1_1] has finished in [35] ms
24-Feb-2022 19:12:11.259 INFO [main] org.apache.catalina.startup.HostConfig.deployDirectory Deploying web application directory [E:\torrent\apache-tomcat-10.0.16\apache-tomcat-10.0.16\webapps\manager]
24-Feb-2022 19:12:11.295 INFO [main] org.apache.catalina.startup.HostConfig.deployDirectory Deployment of web application directory [E:\torrent\apache-tomcat-10.0.16\apache-tomcat-10.0.16\webapps\manager] has finished in [36] ms
24-Feb-2022 19:12:11.295 INFO [main] org.apache.catalina.startup.HostConfig.deployDirectory Deploying web application directory [E:\torrent\apache-tomcat-10.0.16\apache-tomcat-10.0.16\webapps\ROOT]
24-Feb-2022 19:12:11.325 INFO [main] org.apache.catalina.startup.HostConfig.deployDirectory Deployment of web application directory [E:\torrent\apache-tomcat-10.0.16\apache-tomcat-10.0.16\webapps\ROOT] has finished in [29] ms
24-Feb-2022 19:12:11.325 INFO [main] org.apache.catalina.startup.HostConfig.deployDirectory Deploying web application directory [E:\torrent\apache-tomcat-10.0.16\apache-tomcat-10.0.16\webapps\staticsite]
24-Feb-2022 19:12:11.348 INFO [main] org.apache.catalina.startup.HostConfig.deployDirectory Deployment of web application directory [E:\torrent\apache-tomcat-10.0.16\apache-tomcat-10.0.16\webapps\staticsite] has finished in [23] ms
24-Feb-2022 19:12:11.353 INFO [main] org.apache.coyote.AbstractProtocol.start Starting ProtocolHandler ["http-nio-8080"]
24-Feb-2022 19:12:11.383 INFO [main] org.apache.catalina.startup.Catalina.start Server startup in [1776] milliseconds
24-Feb-2022 19:13:37.182 INFO [main] org.apache.catalina.core.StandardServer.await A valid shutdown command was received via the shutdown port. Stopping the Server instance.
24-Feb-2022 19:13:37.183 INFO [main] org.apache.coyote.AbstractProtocol.pause Pausing ProtocolHandler ["http-nio-8080"]
24-Feb-2022 19:13:37.408 INFO [main] org.apache.catalina.core.StandardService.stopInternal Stopping service [Catalina]
24-Feb-2022 19:13:37.462 INFO [main] org.apache.coyote.AbstractProtocol.stop Stopping ProtocolHandler ["http-nio-8080"]
24-Feb-2022 19:13:37.473 INFO [main] org.apache.coyote.AbstractProtocol.destroy Destroying ProtocolHandler ["http-nio-8080"]
24-Feb-2022 20:05:59.375 INFO [main] org.apache.catalina.startup.VersionLoggerListener.log Server version name:   Apache Tomcat/10.0.16
24-Feb-2022 20:05:59.411 INFO [main] org.apache.catalina.startup.VersionLoggerListener.log Server built:          Jan 15 2022 13:19:56 UTC
24-Feb-2022 20:05:59.411 INFO [main] org.apache.catalina.startup.VersionLoggerListener.log Server version number: 10.0.16.0
24-Feb-2022 20:05:59.411 INFO [main] org.apache.catalina.startup.VersionLoggerListener.log OS Name:               Windows 10
24-Feb-2022 20:05:59.411 INFO [main] org.apache.catalina.startup.VersionLoggerListener.log OS Version:            10.0
24-Feb-2022 20:05:59.411 INFO [main] org.apache.catalina.startup.VersionLoggerListener.log Architecture:          amd64
24-Feb-2022 20:05:59.412 INFO [main] org.apache.catalina.startup.VersionLoggerListener.log Java Home:             C:\Program Files\Java\jre1.8.0_141
24-Feb-2022 20:05:59.412 INFO [main] org.apache.catalina.startup.VersionLoggerListener.log JVM Version:           1.8.0_141-b15
24-Feb-2022 20:05:59.412 INFO [main] org.apache.catalina.startup.VersionLoggerListener.log JVM Vendor:            Oracle Corporation
24-Feb-2022 20:05:59.412 INFO [main] org.apache.catalina.startup.VersionLoggerListener.log CATALINA_BASE:         E:\torrent\apache-tomcat-10.0.16\apache-tomcat-10.0.16
24-Feb-2022 20:05:59.412 INFO [main] org.apache.catalina.startup.VersionLoggerListener.log CATALINA_HOME:         E:\torrent\apache-tomcat-10.0.16\apache-tomcat-10.0.16
24-Feb-2022 20:05:59.413 INFO [main] org.apache.catalina.startup.VersionLoggerListener.log Command line argument: -Djava.util.logging.config.file=E:/torrent/apache-tomcat-10.0.16/apache-tomcat-10.0.16/conf/logging.properties
24-Feb-2022 20:05:59.414 INFO [main] org.apache.catalina.startup.VersionLoggerListener.log Command line argument: -Djava.util.logging.manager=org.apache.juli.ClassLoaderLogManager
24-Feb-2022 20:05:59.414 INFO [main] org.apache.catalina.startup.VersionLoggerListener.log Command line argument: -Djdk.tls.ephemeralDHKeySize=2048
24-Feb-2022 20:05:59.414 INFO [main] org.apache.catalina.startup.VersionLoggerListener.log Command line argument: -Djava.protocol.handler.pkgs=org.apache.catalina.webresources
24-Feb-2022 20:05:59.414 INFO [main] org.apache.catalina.startup.VersionLoggerListener.log Command line argument: -Dorg.apache.catalina.security.SecurityListener.UMASK=0027
24-Feb-2022 20:05:59.414 INFO [main] org.apache.catalina.startup.VersionLoggerListener.log Command line argument: -Dignore.endorsed.dirs=
24-Feb-2022 20:05:59.417 INFO [main] org.apache.catalina.startup.VersionLoggerListener.log Command line argument: -Dcatalina.base=E:/torrent/apache-tomcat-10.0.16/apache-tomcat-10.0.16
24-Feb-2022 20:05:59.417 INFO [main] org.apache.catalina.startup.VersionLoggerListener.log Command line argument: -Dcatalina.home=E:/torrent/apache-tomcat-10.0.16/apache-tomcat-10.0.16
24-Feb-2022 20:05:59.417 INFO [main] org.apache.catalina.startup.VersionLoggerListener.log Command line argument: -Djava.io.tmpdir=E:/torrent/apache-tomcat-10.0.16/apache-tomcat-10.0.16/temp
24-Feb-2022 20:05:59.425 INFO [main] org.apache.catalina.core.AprLifecycleListener.lifecycleEvent The Apache Tomcat Native library which allows using OpenSSL was not found on the java.library.path: [C:\Program Files\Java\jre1.8.0_141\bin;C:\Windows\Sun\Java\bin;C:\Windows\system32;C:\Windows;C:\Users\moham\bin;C:\Program Files\Git\mingw64\bin;C:\Program Files\Git\usr\local\bin;C:\Program Files\Git\usr\bin;C:\Program Files\Git\usr\bin;C:\Program Files\Git\mingw64\bin;C:\Program Files\Git\usr\bin;C:\Users\moham\bin;C:\ProgramData\Oracle\Java\javapath;C:\Windows\system32;C:\Windows;C:\Windows\System32\Wbem;C:\Windows\System32\WindowsPowerShell\v1.0;C:\Windows\System32\OpenSSH;C:\Program Files\Git\cmd;C:\Program Files\nodejs;C:\Program Files\MySQL\MySQL Shell 8.0\bin;C:\Users\moham\AppData\Local\Microsoft\WindowsApps;C:\Users\moham\AppData\Roaming\npm;C:\Users\moham\AppData\Local\Programs\Microsoft VS Code\bin;C:\Users\moham\AppData\Local\atom\bin;C:\Program Files\Java\jdk1.8.0_141\bin;C:\Program Files\Git\usr\bin\vendor_perl;C:\Program Files\Git\usr\bin\core_perl;.]
24-Feb-2022 20:06:00.143 INFO [main] org.apache.coyote.AbstractProtocol.init Initializing ProtocolHandler ["http-nio-8080"]
24-Feb-2022 20:06:00.182 INFO [main] org.apache.catalina.startup.Catalina.load Server initialization in [1065] milliseconds
24-Feb-2022 20:06:00.222 INFO [main] org.apache.catalina.core.StandardService.startInternal Starting service [Catalina]
24-Feb-2022 20:06:00.222 INFO [main] org.apache.catalina.core.StandardEngine.startInternal Starting Servlet engine: [Apache Tomcat/10.0.16]
24-Feb-2022 20:06:00.252 INFO [main] org.apache.catalina.startup.HostConfig.deployWAR Deploying web application archive [E:\torrent\apache-tomcat-10.0.16\apache-tomcat-10.0.16\webapps\lab_2-1.0-SNAPSHOT.war]
24-Feb-2022 20:06:00.878 WARNING [main] org.apache.catalina.util.SessionIdGeneratorBase.createSecureRandom Creation of SecureRandom instance for session ID generation using [SHA1PRNG] took [238] milliseconds.
24-Feb-2022 20:06:00.899 INFO [main] org.apache.catalina.startup.HostConfig.deployWAR Deployment of web application archive [E:\torrent\apache-tomcat-10.0.16\apache-tomcat-10.0.16\webapps\lab_2-1.0-SNAPSHOT.war] has finished in [646] ms
24-Feb-2022 20:06:00.900 INFO [main] org.apache.catalina.startup.HostConfig.deployDirectory Deploying web application directory [E:\torrent\apache-tomcat-10.0.16\apache-tomcat-10.0.16\webapps\docs]
24-Feb-2022 20:06:00.959 INFO [main] org.apache.catalina.startup.HostConfig.deployDirectory Deployment of web application directory [E:\torrent\apache-tomcat-10.0.16\apache-tomcat-10.0.16\webapps\docs] has finished in [60] ms
24-Feb-2022 20:06:00.959 INFO [main] org.apache.catalina.startup.HostConfig.deployDirectory Deploying web application directory [E:\torrent\apache-tomcat-10.0.16\apache-tomcat-10.0.16\webapps\examples]
24-Feb-2022 20:06:01.551 INFO [main] org.apache.catalina.startup.HostConfig.deployDirectory Deployment of web application directory [E:\torrent\apache-tomcat-10.0.16\apache-tomcat-10.0.16\webapps\examples] has finished in [592] ms
24-Feb-2022 20:06:01.551 INFO [main] org.apache.catalina.startup.HostConfig.deployDirectory Deploying web application directory [E:\torrent\apache-tomcat-10.0.16\apache-tomcat-10.0.16\webapps\Gradle___com_example___lab_2_1_1_0_SNAPSHOT_war]
24-Feb-2022 20:06:01.599 INFO [main] org.apache.catalina.startup.HostConfig.deployDirectory Deployment of web application directory [E:\torrent\apache-tomcat-10.0.16\apache-tomcat-10.0.16\webapps\Gradle___com_example___lab_2_1_1_0_SNAPSHOT_war] has finished in [47] ms
24-Feb-2022 20:06:01.600 INFO [main] org.apache.catalina.startup.HostConfig.deployDirectory Deploying web application directory [E:\torrent\apache-tomcat-10.0.16\apache-tomcat-10.0.16\webapps\helloworld]
24-Feb-2022 20:06:01.660 INFO [main] org.apache.catalina.startup.HostConfig.deployDirectory Deployment of web application directory [E:\torrent\apache-tomcat-10.0.16\apache-tomcat-10.0.16\webapps\helloworld] has finished in [61] ms
24-Feb-2022 20:06:01.661 INFO [main] org.apache.catalina.startup.HostConfig.deployDirectory Deploying web application directory [E:\torrent\apache-tomcat-10.0.16\apache-tomcat-10.0.16\webapps\host-manager]
24-Feb-2022 20:06:01.719 INFO [main] org.apache.catalina.startup.HostConfig.deployDirectory Deployment of web application directory [E:\torrent\apache-tomcat-10.0.16\apache-tomcat-10.0.16\webapps\host-manager] has finished in [59] ms
24-Feb-2022 20:06:01.719 INFO [main] org.apache.catalina.startup.HostConfig.deployDirectory Deploying web application directory [E:\torrent\apache-tomcat-10.0.16\apache-tomcat-10.0.16\webapps\lab_1_1]
24-Feb-2022 20:06:01.764 INFO [main] org.apache.catalina.startup.HostConfig.deployDirectory Deployment of web application directory [E:\torrent\apache-tomcat-10.0.16\apache-tomcat-10.0.16\webapps\lab_1_1] has finished in [44] ms
24-Feb-2022 20:06:01.764 INFO [main] org.apache.catalina.startup.HostConfig.deployDirectory Deploying web application directory [E:\torrent\apache-tomcat-10.0.16\apache-tomcat-10.0.16\webapps\manager]
24-Feb-2022 20:06:01.820 INFO [main] org.apache.catalina.startup.HostConfig.deployDirectory Deployment of web application directory [E:\torrent\apache-tomcat-10.0.16\apache-tomcat-10.0.16\webapps\manager] has finished in [55] ms
24-Feb-2022 20:06:01.820 INFO [main] org.apache.catalina.startup.HostConfig.deployDirectory Deploying web application directory [E:\torrent\apache-tomcat-10.0.16\apache-tomcat-10.0.16\webapps\ROOT]
24-Feb-2022 20:06:01.852 INFO [main] org.apache.catalina.startup.HostConfig.deployDirectory Deployment of web application directory [E:\torrent\apache-tomcat-10.0.16\apache-tomcat-10.0.16\webapps\ROOT] has finished in [32] ms
24-Feb-2022 20:06:01.852 INFO [main] org.apache.catalina.startup.HostConfig.deployDirectory Deploying web application directory [E:\torrent\apache-tomcat-10.0.16\apache-tomcat-10.0.16\webapps\staticsite]
24-Feb-2022 20:06:01.871 INFO [main] org.apache.catalina.startup.HostConfig.deployDirectory Deployment of web application directory [E:\torrent\apache-tomcat-10.0.16\apache-tomcat-10.0.16\webapps\staticsite] has finished in [19] ms
24-Feb-2022 20:06:01.876 INFO [main] org.apache.coyote.AbstractProtocol.start Starting ProtocolHandler ["http-nio-8080"]
24-Feb-2022 20:06:01.905 INFO [main] org.apache.catalina.startup.Catalina.start Server startup in [1723] milliseconds
24-Feb-2022 20:11:03.119 INFO [Catalina-utility-2] org.apache.catalina.startup.HostConfig.undeploy Undeploying context [/Gradle___com_example___lab_2_1_1_0_SNAPSHOT_war]
24-Feb-2022 20:11:03.141 INFO [Catalina-utility-2] org.apache.catalina.startup.HostConfig.undeploy Undeploying context [/lab_2-1.0-SNAPSHOT]
24-Feb-2022 20:11:03.148 INFO [Catalina-utility-2] org.apache.catalina.startup.HostConfig.deployWAR Deploying web application archive [E:\torrent\apache-tomcat-10.0.16\apache-tomcat-10.0.16\webapps\lab_2-1.0-SNAPSHOT.war]
24-Feb-2022 20:11:03.186 INFO [Catalina-utility-2] org.apache.catalina.startup.HostConfig.deployWAR Deployment of web application archive [E:\torrent\apache-tomcat-10.0.16\apache-tomcat-10.0.16\webapps\lab_2-1.0-SNAPSHOT.war] has finished in [38] ms
24-Feb-2022 20:11:13.703 INFO [Catalina-utility-2] org.apache.catalina.startup.HostConfig.undeploy Undeploying context [/lab_2-1.0-SNAPSHOT]
24-Feb-2022 20:12:43.800 INFO [Catalina-utility-1] org.apache.catalina.startup.HostConfig.deployWAR Deploying web application archive [E:\torrent\apache-tomcat-10.0.16\apache-tomcat-10.0.16\webapps\lab_2-1.0-SNAPSHOT.war]
24-Feb-2022 20:12:43.839 INFO [Catalina-utility-1] org.apache.catalina.startup.HostConfig.deployWAR Deployment of web application archive [E:\torrent\apache-tomcat-10.0.16\apache-tomcat-10.0.16\webapps\lab_2-1.0-SNAPSHOT.war] has finished in [38] ms
24-Feb-2022 20:19:00.751 INFO [main] org.apache.catalina.core.StandardServer.await A valid shutdown command was received via the shutdown port. Stopping the Server instance.
24-Feb-2022 20:19:00.751 INFO [main] org.apache.coyote.AbstractProtocol.pause Pausing ProtocolHandler ["http-nio-8080"]
24-Feb-2022 20:19:00.988 INFO [main] org.apache.catalina.core.StandardService.stopInternal Stopping service [Catalina]
24-Feb-2022 20:19:01.023 INFO [main] org.apache.coyote.AbstractProtocol.stop Stopping ProtocolHandler ["http-nio-8080"]
24-Feb-2022 20:19:01.054 INFO [main] org.apache.coyote.AbstractProtocol.destroy Destroying ProtocolHandler ["http-nio-8080"]
24-Feb-2022 20:19:06.692 INFO [main] org.apache.catalina.startup.VersionLoggerListener.log Server version name:   Apache Tomcat/10.0.16
24-Feb-2022 20:19:06.695 INFO [main] org.apache.catalina.startup.VersionLoggerListener.log Server built:          Jan 15 2022 13:19:56 UTC
24-Feb-2022 20:19:06.695 INFO [main] org.apache.catalina.startup.VersionLoggerListener.log Server version number: 10.0.16.0
24-Feb-2022 20:19:06.695 INFO [main] org.apache.catalina.startup.VersionLoggerListener.log OS Name:               Windows 10
24-Feb-2022 20:19:06.696 INFO [main] org.apache.catalina.startup.VersionLoggerListener.log OS Version:            10.0
24-Feb-2022 20:19:06.696 INFO [main] org.apache.catalina.startup.VersionLoggerListener.log Architecture:          amd64
24-Feb-2022 20:19:06.696 INFO [main] org.apache.catalina.startup.VersionLoggerListener.log Java Home:             C:\Program Files\Java\jre1.8.0_141
24-Feb-2022 20:19:06.696 INFO [main] org.apache.catalina.startup.VersionLoggerListener.log JVM Version:           1.8.0_141-b15
24-Feb-2022 20:19:06.696 INFO [main] org.apache.catalina.startup.VersionLoggerListener.log JVM Vendor:            Oracle Corporation
24-Feb-2022 20:19:06.696 INFO [main] org.apache.catalina.startup.VersionLoggerListener.log CATALINA_BASE:         E:\torrent\apache-tomcat-10.0.16\apache-tomcat-10.0.16
24-Feb-2022 20:19:06.696 INFO [main] org.apache.catalina.startup.VersionLoggerListener.log CATALINA_HOME:         E:\torrent\apache-tomcat-10.0.16\apache-tomcat-10.0.16
24-Feb-2022 20:19:06.698 INFO [main] org.apache.catalina.startup.VersionLoggerListener.log Command line argument: -Djava.util.logging.config.file=E:/torrent/apache-tomcat-10.0.16/apache-tomcat-10.0.16/conf/logging.properties
24-Feb-2022 20:19:06.699 INFO [main] org.apache.catalina.startup.VersionLoggerListener.log Command line argument: -Djava.util.logging.manager=org.apache.juli.ClassLoaderLogManager
24-Feb-2022 20:19:06.699 INFO [main] org.apache.catalina.startup.VersionLoggerListener.log Command line argument: -Djdk.tls.ephemeralDHKeySize=2048
24-Feb-2022 20:19:06.699 INFO [main] org.apache.catalina.startup.VersionLoggerListener.log Command line argument: -Djava.protocol.handler.pkgs=org.apache.catalina.webresources
24-Feb-2022 20:19:06.699 INFO [main] org.apache.catalina.startup.VersionLoggerListener.log Command line argument: -Dorg.apache.catalina.security.SecurityListener.UMASK=0027
24-Feb-2022 20:19:06.699 INFO [main] org.apache.catalina.startup.VersionLoggerListener.log Command line argument: -Dignore.endorsed.dirs=
24-Feb-2022 20:19:06.699 INFO [main] org.apache.catalina.startup.VersionLoggerListener.log Command line argument: -Dcatalina.base=E:/torrent/apache-tomcat-10.0.16/apache-tomcat-10.0.16
24-Feb-2022 20:19:06.699 INFO [main] org.apache.catalina.startup.VersionLoggerListener.log Command line argument: -Dcatalina.home=E:/torrent/apache-tomcat-10.0.16/apache-tomcat-10.0.16
24-Feb-2022 20:19:06.699 INFO [main] org.apache.catalina.startup.VersionLoggerListener.log Command line argument: -Djava.io.tmpdir=E:/torrent/apache-tomcat-10.0.16/apache-tomcat-10.0.16/temp
24-Feb-2022 20:19:06.707 INFO [main] org.apache.catalina.core.AprLifecycleListener.lifecycleEvent The Apache Tomcat Native library which allows using OpenSSL was not found on the java.library.path: [C:\Program Files\Java\jre1.8.0_141\bin;C:\Windows\Sun\Java\bin;C:\Windows\system32;C:\Windows;C:\Users\moham\bin;C:\Program Files\Git\mingw64\bin;C:\Program Files\Git\usr\local\bin;C:\Program Files\Git\usr\bin;C:\Program Files\Git\usr\bin;C:\Program Files\Git\mingw64\bin;C:\Program Files\Git\usr\bin;C:\Users\moham\bin;C:\ProgramData\Oracle\Java\javapath;C:\Windows\system32;C:\Windows;C:\Windows\System32\Wbem;C:\Windows\System32\WindowsPowerShell\v1.0;C:\Windows\System32\OpenSSH;C:\Program Files\Git\cmd;C:\Program Files\nodejs;C:\Program Files\MySQL\MySQL Shell 8.0\bin;C:\Users\moham\AppData\Local\Microsoft\WindowsApps;C:\Users\moham\AppData\Roaming\npm;C:\Users\moham\AppData\Local\Programs\Microsoft VS Code\bin;C:\Users\moham\AppData\Local\atom\bin;C:\Program Files\Java\jdk1.8.0_141\bin;C:\Program Files\Git\usr\bin\vendor_perl;C:\Program Files\Git\usr\bin\core_perl;.]
24-Feb-2022 20:19:07.236 INFO [main] org.apache.coyote.AbstractProtocol.init Initializing ProtocolHandler ["http-nio-8080"]
24-Feb-2022 20:19:07.281 INFO [main] org.apache.catalina.startup.Catalina.load Server initialization in [804] milliseconds
24-Feb-2022 20:19:07.329 INFO [main] org.apache.catalina.core.StandardService.startInternal Starting service [Catalina]
24-Feb-2022 20:19:07.329 INFO [main] org.apache.catalina.core.StandardEngine.startInternal Starting Servlet engine: [Apache Tomcat/10.0.16]
24-Feb-2022 20:19:07.350 INFO [main] org.apache.catalina.startup.HostConfig.deployWAR Deploying web application archive [E:\torrent\apache-tomcat-10.0.16\apache-tomcat-10.0.16\webapps\lab_2-1.0-SNAPSHOT.war]
24-Feb-2022 20:19:07.953 WARNING [main] org.apache.catalina.util.SessionIdGeneratorBase.createSecureRandom Creation of SecureRandom instance for session ID generation using [SHA1PRNG] took [222] milliseconds.
24-Feb-2022 20:19:07.976 INFO [main] org.apache.catalina.startup.HostConfig.deployWAR Deployment of web application archive [E:\torrent\apache-tomcat-10.0.16\apache-tomcat-10.0.16\webapps\lab_2-1.0-SNAPSHOT.war] has finished in [625] ms
24-Feb-2022 20:19:07.976 INFO [main] org.apache.catalina.startup.HostConfig.deployDirectory Deploying web application directory [E:\torrent\apache-tomcat-10.0.16\apache-tomcat-10.0.16\webapps\docs]
24-Feb-2022 20:19:08.011 INFO [main] org.apache.catalina.startup.HostConfig.deployDirectory Deployment of web application directory [E:\torrent\apache-tomcat-10.0.16\apache-tomcat-10.0.16\webapps\docs] has finished in [35] ms
24-Feb-2022 20:19:08.011 INFO [main] org.apache.catalina.startup.HostConfig.deployDirectory Deploying web application directory [E:\torrent\apache-tomcat-10.0.16\apache-tomcat-10.0.16\webapps\examples]
24-Feb-2022 20:19:08.471 INFO [main] org.apache.catalina.startup.HostConfig.deployDirectory Deployment of web application directory [E:\torrent\apache-tomcat-10.0.16\apache-tomcat-10.0.16\webapps\examples] has finished in [460] ms
24-Feb-2022 20:19:08.471 INFO [main] org.apache.catalina.startup.HostConfig.deployDirectory Deploying web application directory [E:\torrent\apache-tomcat-10.0.16\apache-tomcat-10.0.16\webapps\helloworld]
24-Feb-2022 20:19:08.504 INFO [main] org.apache.catalina.startup.HostConfig.deployDirectory Deployment of web application directory [E:\torrent\apache-tomcat-10.0.16\apache-tomcat-10.0.16\webapps\helloworld] has finished in [33] ms
24-Feb-2022 20:19:08.505 INFO [main] org.apache.catalina.startup.HostConfig.deployDirectory Deploying web application directory [E:\torrent\apache-tomcat-10.0.16\apache-tomcat-10.0.16\webapps\host-manager]
24-Feb-2022 20:19:08.552 INFO [main] org.apache.catalina.startup.HostConfig.deployDirectory Deployment of web application directory [E:\torrent\apache-tomcat-10.0.16\apache-tomcat-10.0.16\webapps\host-manager] has finished in [46] ms
24-Feb-2022 20:19:08.552 INFO [main] org.apache.catalina.startup.HostConfig.deployDirectory Deploying web application directory [E:\torrent\apache-tomcat-10.0.16\apache-tomcat-10.0.16\webapps\lab_1_1]
24-Feb-2022 20:19:08.602 INFO [main] org.apache.catalina.startup.HostConfig.deployDirectory Deployment of web application directory [E:\torrent\apache-tomcat-10.0.16\apache-tomcat-10.0.16\webapps\lab_1_1] has finished in [50] ms
24-Feb-2022 20:19:08.603 INFO [main] org.apache.catalina.startup.HostConfig.deployDirectory Deploying web application directory [E:\torrent\apache-tomcat-10.0.16\apache-tomcat-10.0.16\webapps\manager]
24-Feb-2022 20:19:08.657 INFO [main] org.apache.catalina.startup.HostConfig.deployDirectory Deployment of web application directory [E:\torrent\apache-tomcat-10.0.16\apache-tomcat-10.0.16\webapps\manager] has finished in [54] ms
24-Feb-2022 20:19:08.658 INFO [main] org.apache.catalina.startup.HostConfig.deployDirectory Deploying web application directory [E:\torrent\apache-tomcat-10.0.16\apache-tomcat-10.0.16\webapps\ROOT]
24-Feb-2022 20:19:08.696 INFO [main] org.apache.catalina.startup.HostConfig.deployDirectory Deployment of web application directory [E:\torrent\apache-tomcat-10.0.16\apache-tomcat-10.0.16\webapps\ROOT] has finished in [38] ms
24-Feb-2022 20:19:08.698 INFO [main] org.apache.catalina.startup.HostConfig.deployDirectory Deploying web application directory [E:\torrent\apache-tomcat-10.0.16\apache-tomcat-10.0.16\webapps\staticsite]
24-Feb-2022 20:19:08.722 INFO [main] org.apache.catalina.startup.HostConfig.deployDirectory Deployment of web application directory [E:\torrent\apache-tomcat-10.0.16\apache-tomcat-10.0.16\webapps\staticsite] has finished in [24] ms
24-Feb-2022 20:19:08.727 INFO [main] org.apache.coyote.AbstractProtocol.start Starting ProtocolHandler ["http-nio-8080"]
24-Feb-2022 20:19:08.745 INFO [main] org.apache.catalina.startup.Catalina.start Server startup in [1464] milliseconds
24-Feb-2022 20:29:48.265 INFO [main] org.apache.catalina.core.StandardServer.await A valid shutdown command was received via the shutdown port. Stopping the Server instance.
24-Feb-2022 20:29:48.266 INFO [main] org.apache.coyote.AbstractProtocol.pause Pausing ProtocolHandler ["http-nio-8080"]
24-Feb-2022 20:29:48.481 INFO [main] org.apache.catalina.core.StandardService.stopInternal Stopping service [Catalina]
24-Feb-2022 20:29:48.555 INFO [main] org.apache.coyote.AbstractProtocol.stop Stopping ProtocolHandler ["http-nio-8080"]
24-Feb-2022 20:29:48.572 INFO [main] org.apache.coyote.AbstractProtocol.destroy Destroying ProtocolHandler ["http-nio-8080"]
24-Feb-2022 20:51:18.558 INFO [main] org.apache.catalina.startup.VersionLoggerListener.log Server version name:   Apache Tomcat/10.0.16
24-Feb-2022 20:51:18.564 INFO [main] org.apache.catalina.startup.VersionLoggerListener.log Server built:          Jan 15 2022 13:19:56 UTC
24-Feb-2022 20:51:18.564 INFO [main] org.apache.catalina.startup.VersionLoggerListener.log Server version number: 10.0.16.0
24-Feb-2022 20:51:18.564 INFO [main] org.apache.catalina.startup.VersionLoggerListener.log OS Name:               Windows 10
24-Feb-2022 20:51:18.564 INFO [main] org.apache.catalina.startup.VersionLoggerListener.log OS Version:            10.0
24-Feb-2022 20:51:18.564 INFO [main] org.apache.catalina.startup.VersionLoggerListener.log Architecture:          amd64
24-Feb-2022 20:51:18.564 INFO [main] org.apache.catalina.startup.VersionLoggerListener.log Java Home:             C:\Program Files\Java\jre1.8.0_141
24-Feb-2022 20:51:18.564 INFO [main] org.apache.catalina.startup.VersionLoggerListener.log JVM Version:           1.8.0_141-b15
24-Feb-2022 20:51:18.565 INFO [main] org.apache.catalina.startup.VersionLoggerListener.log JVM Vendor:            Oracle Corporation
24-Feb-2022 20:51:18.565 INFO [main] org.apache.catalina.startup.VersionLoggerListener.log CATALINA_BASE:         E:\torrent\apache-tomcat-10.0.16\apache-tomcat-10.0.16
24-Feb-2022 20:51:18.565 INFO [main] org.apache.catalina.startup.VersionLoggerListener.log CATALINA_HOME:         E:\torrent\apache-tomcat-10.0.16\apache-tomcat-10.0.16
24-Feb-2022 20:51:18.567 INFO [main] org.apache.catalina.startup.VersionLoggerListener.log Command line argument: -Djava.util.logging.config.file=E:/torrent/apache-tomcat-10.0.16/apache-tomcat-10.0.16/conf/logging.properties
24-Feb-2022 20:51:18.568 INFO [main] org.apache.catalina.startup.VersionLoggerListener.log Command line argument: -Djava.util.logging.manager=org.apache.juli.ClassLoaderLogManager
24-Feb-2022 20:51:18.568 INFO [main] org.apache.catalina.startup.VersionLoggerListener.log Command line argument: -Djdk.tls.ephemeralDHKeySize=2048
24-Feb-2022 20:51:18.568 INFO [main] org.apache.catalina.startup.VersionLoggerListener.log Command line argument: -Djava.protocol.handler.pkgs=org.apache.catalina.webresources
24-Feb-2022 20:51:18.569 INFO [main] org.apache.catalina.startup.VersionLoggerListener.log Command line argument: -Dorg.apache.catalina.security.SecurityListener.UMASK=0027
24-Feb-2022 20:51:18.569 INFO [main] org.apache.catalina.startup.VersionLoggerListener.log Command line argument: -Dignore.endorsed.dirs=
24-Feb-2022 20:51:18.569 INFO [main] org.apache.catalina.startup.VersionLoggerListener.log Command line argument: -Dcatalina.base=E:/torrent/apache-tomcat-10.0.16/apache-tomcat-10.0.16
24-Feb-2022 20:51:18.569 INFO [main] org.apache.catalina.startup.VersionLoggerListener.log Command line argument: -Dcatalina.home=E:/torrent/apache-tomcat-10.0.16/apache-tomcat-10.0.16
24-Feb-2022 20:51:18.569 INFO [main] org.apache.catalina.startup.VersionLoggerListener.log Command line argument: -Djava.io.tmpdir=E:/torrent/apache-tomcat-10.0.16/apache-tomcat-10.0.16/temp
24-Feb-2022 20:51:18.583 INFO [main] org.apache.catalina.core.AprLifecycleListener.lifecycleEvent The Apache Tomcat Native library which allows using OpenSSL was not found on the java.library.path: [C:\Program Files\Java\jre1.8.0_141\bin;C:\Windows\Sun\Java\bin;C:\Windows\system32;C:\Windows;C:\Users\moham\bin;C:\Program Files\Git\mingw64\bin;C:\Program Files\Git\usr\local\bin;C:\Program Files\Git\usr\bin;C:\Program Files\Git\usr\bin;C:\Program Files\Git\mingw64\bin;C:\Program Files\Git\usr\bin;C:\Users\moham\bin;C:\ProgramData\Oracle\Java\javapath;C:\Windows\system32;C:\Windows;C:\Windows\System32\Wbem;C:\Windows\System32\WindowsPowerShell\v1.0;C:\Windows\System32\OpenSSH;C:\Program Files\Git\cmd;C:\Program Files\nodejs;C:\Program Files\MySQL\MySQL Shell 8.0\bin;C:\Users\moham\AppData\Local\Microsoft\WindowsApps;C:\Users\moham\AppData\Roaming\npm;C:\Users\moham\AppData\Local\Programs\Microsoft VS Code\bin;C:\Users\moham\AppData\Local\atom\bin;C:\Program Files\Java\jdk1.8.0_141\bin;C:\Program Files\Git\usr\bin\vendor_perl;C:\Program Files\Git\usr\bin\core_perl;.]
24-Feb-2022 20:51:19.414 INFO [main] org.apache.coyote.AbstractProtocol.init Initializing ProtocolHandler ["http-nio-8080"]
24-Feb-2022 20:51:19.449 SEVERE [main] org.apache.catalina.util.LifecycleBase.handleSubClassException Failed to initialize component [Connector[HTTP/1.1-8080]]
	org.apache.catalina.LifecycleException: Protocol handler initialization failed
		at org.apache.catalina.connector.Connector.initInternal(Connector.java:1055)
		at org.apache.catalina.util.LifecycleBase.init(LifecycleBase.java:136)
		at org.apache.catalina.core.StandardService.initInternal(StandardService.java:556)
		at org.apache.catalina.util.LifecycleBase.init(LifecycleBase.java:136)
		at org.apache.catalina.core.StandardServer.initInternal(StandardServer.java:1042)
		at org.apache.catalina.util.LifecycleBase.init(LifecycleBase.java:136)
		at org.apache.catalina.startup.Catalina.load(Catalina.java:747)
		at org.apache.catalina.startup.Catalina.load(Catalina.java:769)
		at sun.reflect.NativeMethodAccessorImpl.invoke0(Native Method)
		at sun.reflect.NativeMethodAccessorImpl.invoke(Unknown Source)
		at sun.reflect.DelegatingMethodAccessorImpl.invoke(Unknown Source)
		at java.lang.reflect.Method.invoke(Unknown Source)
		at org.apache.catalina.startup.Bootstrap.load(Bootstrap.java:305)
		at org.apache.catalina.startup.Bootstrap.main(Bootstrap.java:475)
	Caused by: java.net.BindException: Address already in use: bind
		at sun.nio.ch.Net.bind0(Native Method)
		at sun.nio.ch.Net.bind(Unknown Source)
		at sun.nio.ch.Net.bind(Unknown Source)
		at sun.nio.ch.ServerSocketChannelImpl.bind(Unknown Source)
		at org.apache.tomcat.util.net.NioEndpoint.initServerSocket(NioEndpoint.java:244)
		at org.apache.tomcat.util.net.NioEndpoint.bind(NioEndpoint.java:199)
		at org.apache.tomcat.util.net.AbstractEndpoint.bindWithCleanup(AbstractEndpoint.java:1184)
		at org.apache.tomcat.util.net.AbstractEndpoint.init(AbstractEndpoint.java:1197)
		at org.apache.coyote.AbstractProtocol.init(AbstractProtocol.java:580)
		at org.apache.coyote.http11.AbstractHttp11Protocol.init(AbstractHttp11Protocol.java:82)
		at org.apache.catalina.connector.Connector.initInternal(Connector.java:1052)
		... 13 more
24-Feb-2022 20:51:19.452 INFO [main] org.apache.catalina.startup.Catalina.load Server initialization in [1287] milliseconds
24-Feb-2022 20:51:19.516 INFO [main] org.apache.catalina.core.StandardService.startInternal Starting service [Catalina]
24-Feb-2022 20:51:19.516 INFO [main] org.apache.catalina.core.StandardEngine.startInternal Starting Servlet engine: [Apache Tomcat/10.0.16]
24-Feb-2022 20:51:19.551 INFO [main] org.apache.catalina.startup.HostConfig.deployWAR Deploying web application archive [E:\torrent\apache-tomcat-10.0.16\apache-tomcat-10.0.16\webapps\lab_1-1.0-SNAPSHOT.war]
24-Feb-2022 20:51:20.292 WARNING [main] org.apache.catalina.util.SessionIdGeneratorBase.createSecureRandom Creation of SecureRandom instance for session ID generation using [SHA1PRNG] took [369] milliseconds.
24-Feb-2022 20:51:20.339 INFO [main] org.apache.catalina.startup.HostConfig.deployWAR Deployment of web application archive [E:\torrent\apache-tomcat-10.0.16\apache-tomcat-10.0.16\webapps\lab_1-1.0-SNAPSHOT.war] has finished in [788] ms
24-Feb-2022 20:51:20.342 INFO [main] org.apache.catalina.startup.HostConfig.deployDirectory Deploying web application directory [E:\torrent\apache-tomcat-10.0.16\apache-tomcat-10.0.16\webapps\docs]
24-Feb-2022 20:51:20.423 INFO [main] org.apache.catalina.startup.HostConfig.deployDirectory Deployment of web application directory [E:\torrent\apache-tomcat-10.0.16\apache-tomcat-10.0.16\webapps\docs] has finished in [82] ms
24-Feb-2022 20:51:20.423 INFO [main] org.apache.catalina.startup.HostConfig.deployDirectory Deploying web application directory [E:\torrent\apache-tomcat-10.0.16\apache-tomcat-10.0.16\webapps\examples]
24-Feb-2022 20:51:21.323 INFO [main] org.apache.catalina.startup.HostConfig.deployDirectory Deployment of web application directory [E:\torrent\apache-tomcat-10.0.16\apache-tomcat-10.0.16\webapps\examples] has finished in [900] ms
24-Feb-2022 20:51:21.324 INFO [main] org.apache.catalina.startup.HostConfig.deployDirectory Deploying web application directory [E:\torrent\apache-tomcat-10.0.16\apache-tomcat-10.0.16\webapps\helloworld]
24-Feb-2022 20:51:21.371 INFO [main] org.apache.catalina.startup.HostConfig.deployDirectory Deployment of web application directory [E:\torrent\apache-tomcat-10.0.16\apache-tomcat-10.0.16\webapps\helloworld] has finished in [47] ms
24-Feb-2022 20:51:21.372 INFO [main] org.apache.catalina.startup.HostConfig.deployDirectory Deploying web application directory [E:\torrent\apache-tomcat-10.0.16\apache-tomcat-10.0.16\webapps\host-manager]
24-Feb-2022 20:51:21.436 INFO [main] org.apache.catalina.startup.HostConfig.deployDirectory Deployment of web application directory [E:\torrent\apache-tomcat-10.0.16\apache-tomcat-10.0.16\webapps\host-manager] has finished in [64] ms
24-Feb-2022 20:51:21.437 INFO [main] org.apache.catalina.startup.HostConfig.deployDirectory Deploying web application directory [E:\torrent\apache-tomcat-10.0.16\apache-tomcat-10.0.16\webapps\lab_1_1]
24-Feb-2022 20:51:21.482 INFO [main] org.apache.catalina.startup.HostConfig.deployDirectory Deployment of web application directory [E:\torrent\apache-tomcat-10.0.16\apache-tomcat-10.0.16\webapps\lab_1_1] has finished in [44] ms
24-Feb-2022 20:51:21.482 INFO [main] org.apache.catalina.startup.HostConfig.deployDirectory Deploying web application directory [E:\torrent\apache-tomcat-10.0.16\apache-tomcat-10.0.16\webapps\manager]
24-Feb-2022 20:51:21.528 INFO [main] org.apache.catalina.startup.HostConfig.deployDirectory Deployment of web application directory [E:\torrent\apache-tomcat-10.0.16\apache-tomcat-10.0.16\webapps\manager] has finished in [46] ms
24-Feb-2022 20:51:21.529 INFO [main] org.apache.catalina.startup.HostConfig.deployDirectory Deploying web application directory [E:\torrent\apache-tomcat-10.0.16\apache-tomcat-10.0.16\webapps\ROOT]
24-Feb-2022 20:51:21.574 INFO [main] org.apache.catalina.startup.HostConfig.deployDirectory Deployment of web application directory [E:\torrent\apache-tomcat-10.0.16\apache-tomcat-10.0.16\webapps\ROOT] has finished in [44] ms
24-Feb-2022 20:51:21.574 INFO [main] org.apache.catalina.startup.HostConfig.deployDirectory Deploying web application directory [E:\torrent\apache-tomcat-10.0.16\apache-tomcat-10.0.16\webapps\staticsite]
24-Feb-2022 20:51:21.610 INFO [main] org.apache.catalina.startup.HostConfig.deployDirectory Deployment of web application directory [E:\torrent\apache-tomcat-10.0.16\apache-tomcat-10.0.16\webapps\staticsite] has finished in [36] ms
24-Feb-2022 20:51:21.619 INFO [main] org.apache.catalina.startup.Catalina.start Server startup in [2166] milliseconds
24-Feb-2022 20:52:46.698 INFO [main] org.apache.catalina.core.StandardServer.await A valid shutdown command was received via the shutdown port. Stopping the Server instance.
24-Feb-2022 20:52:46.699 INFO [main] org.apache.coyote.AbstractProtocol.pause Pausing ProtocolHandler ["http-nio-8080"]
24-Feb-2022 20:52:46.699 INFO [main] org.apache.catalina.core.StandardService.stopInternal Stopping service [Catalina]
24-Feb-2022 20:52:46.735 INFO [main] org.apache.coyote.AbstractProtocol.stop Stopping ProtocolHandler ["http-nio-8080"]
24-Feb-2022 20:52:46.737 INFO [main] org.apache.coyote.AbstractProtocol.destroy Destroying ProtocolHandler ["http-nio-8080"]
24-Feb-2022 20:52:53.112 INFO [main] org.apache.catalina.startup.VersionLoggerListener.log Server version name:   Apache Tomcat/10.0.16
24-Feb-2022 20:52:53.118 INFO [main] org.apache.catalina.startup.VersionLoggerListener.log Server built:          Jan 15 2022 13:19:56 UTC
24-Feb-2022 20:52:53.118 INFO [main] org.apache.catalina.startup.VersionLoggerListener.log Server version number: 10.0.16.0
24-Feb-2022 20:52:53.118 INFO [main] org.apache.catalina.startup.VersionLoggerListener.log OS Name:               Windows 10
24-Feb-2022 20:52:53.118 INFO [main] org.apache.catalina.startup.VersionLoggerListener.log OS Version:            10.0
24-Feb-2022 20:52:53.119 INFO [main] org.apache.catalina.startup.VersionLoggerListener.log Architecture:          amd64
24-Feb-2022 20:52:53.119 INFO [main] org.apache.catalina.startup.VersionLoggerListener.log Java Home:             C:\Program Files\Java\jre1.8.0_141
24-Feb-2022 20:52:53.119 INFO [main] org.apache.catalina.startup.VersionLoggerListener.log JVM Version:           1.8.0_141-b15
24-Feb-2022 20:52:53.119 INFO [main] org.apache.catalina.startup.VersionLoggerListener.log JVM Vendor:            Oracle Corporation
24-Feb-2022 20:52:53.119 INFO [main] org.apache.catalina.startup.VersionLoggerListener.log CATALINA_BASE:         E:\torrent\apache-tomcat-10.0.16\apache-tomcat-10.0.16
24-Feb-2022 20:52:53.119 INFO [main] org.apache.catalina.startup.VersionLoggerListener.log CATALINA_HOME:         E:\torrent\apache-tomcat-10.0.16\apache-tomcat-10.0.16
24-Feb-2022 20:52:53.122 INFO [main] org.apache.catalina.startup.VersionLoggerListener.log Command line argument: -Djava.util.logging.config.file=E:/torrent/apache-tomcat-10.0.16/apache-tomcat-10.0.16/conf/logging.properties
24-Feb-2022 20:52:53.122 INFO [main] org.apache.catalina.startup.VersionLoggerListener.log Command line argument: -Djava.util.logging.manager=org.apache.juli.ClassLoaderLogManager
24-Feb-2022 20:52:53.122 INFO [main] org.apache.catalina.startup.VersionLoggerListener.log Command line argument: -Djdk.tls.ephemeralDHKeySize=2048
24-Feb-2022 20:52:53.122 INFO [main] org.apache.catalina.startup.VersionLoggerListener.log Command line argument: -Djava.protocol.handler.pkgs=org.apache.catalina.webresources
24-Feb-2022 20:52:53.123 INFO [main] org.apache.catalina.startup.VersionLoggerListener.log Command line argument: -Dorg.apache.catalina.security.SecurityListener.UMASK=0027
24-Feb-2022 20:52:53.123 INFO [main] org.apache.catalina.startup.VersionLoggerListener.log Command line argument: -Dignore.endorsed.dirs=
24-Feb-2022 20:52:53.123 INFO [main] org.apache.catalina.startup.VersionLoggerListener.log Command line argument: -Dcatalina.base=E:/torrent/apache-tomcat-10.0.16/apache-tomcat-10.0.16
24-Feb-2022 20:52:53.123 INFO [main] org.apache.catalina.startup.VersionLoggerListener.log Command line argument: -Dcatalina.home=E:/torrent/apache-tomcat-10.0.16/apache-tomcat-10.0.16
24-Feb-2022 20:52:53.123 INFO [main] org.apache.catalina.startup.VersionLoggerListener.log Command line argument: -Djava.io.tmpdir=E:/torrent/apache-tomcat-10.0.16/apache-tomcat-10.0.16/temp
24-Feb-2022 20:52:53.131 INFO [main] org.apache.catalina.core.AprLifecycleListener.lifecycleEvent The Apache Tomcat Native library which allows using OpenSSL was not found on the java.library.path: [C:\Program Files\Java\jre1.8.0_141\bin;C:\Windows\Sun\Java\bin;C:\Windows\system32;C:\Windows;C:\Users\moham\bin;C:\Program Files\Git\mingw64\bin;C:\Program Files\Git\usr\local\bin;C:\Program Files\Git\usr\bin;C:\Program Files\Git\usr\bin;C:\Program Files\Git\mingw64\bin;C:\Program Files\Git\usr\bin;C:\Users\moham\bin;C:\ProgramData\Oracle\Java\javapath;C:\Windows\system32;C:\Windows;C:\Windows\System32\Wbem;C:\Windows\System32\WindowsPowerShell\v1.0;C:\Windows\System32\OpenSSH;C:\Program Files\Git\cmd;C:\Program Files\nodejs;C:\Program Files\MySQL\MySQL Shell 8.0\bin;C:\Users\moham\AppData\Local\Microsoft\WindowsApps;C:\Users\moham\AppData\Roaming\npm;C:\Users\moham\AppData\Local\Programs\Microsoft VS Code\bin;C:\Users\moham\AppData\Local\atom\bin;C:\Program Files\Java\jdk1.8.0_141\bin;C:\Program Files\Git\usr\bin\vendor_perl;C:\Program Files\Git\usr\bin\core_perl;.]
24-Feb-2022 20:52:53.756 INFO [main] org.apache.coyote.AbstractProtocol.init Initializing ProtocolHandler ["http-nio-8080"]
24-Feb-2022 20:52:53.789 INFO [main] org.apache.catalina.startup.Catalina.load Server initialization in [977] milliseconds
24-Feb-2022 20:52:53.821 INFO [main] org.apache.catalina.core.StandardService.startInternal Starting service [Catalina]
24-Feb-2022 20:52:53.821 INFO [main] org.apache.catalina.core.StandardEngine.startInternal Starting Servlet engine: [Apache Tomcat/10.0.16]
24-Feb-2022 20:52:53.847 INFO [main] org.apache.catalina.startup.HostConfig.deployWAR Deploying web application archive [E:\torrent\apache-tomcat-10.0.16\apache-tomcat-10.0.16\webapps\lab_1-1.0-SNAPSHOT.war]
24-Feb-2022 20:52:54.480 WARNING [main] org.apache.catalina.util.SessionIdGeneratorBase.createSecureRandom Creation of SecureRandom instance for session ID generation using [SHA1PRNG] took [308] milliseconds.
24-Feb-2022 20:52:54.497 INFO [main] org.apache.catalina.startup.HostConfig.deployWAR Deployment of web application archive [E:\torrent\apache-tomcat-10.0.16\apache-tomcat-10.0.16\webapps\lab_1-1.0-SNAPSHOT.war] has finished in [650] ms
24-Feb-2022 20:52:54.497 INFO [main] org.apache.catalina.startup.HostConfig.deployDirectory Deploying web application directory [E:\torrent\apache-tomcat-10.0.16\apache-tomcat-10.0.16\webapps\docs]
24-Feb-2022 20:52:54.521 INFO [main] org.apache.catalina.startup.HostConfig.deployDirectory Deployment of web application directory [E:\torrent\apache-tomcat-10.0.16\apache-tomcat-10.0.16\webapps\docs] has finished in [24] ms
24-Feb-2022 20:52:54.522 INFO [main] org.apache.catalina.startup.HostConfig.deployDirectory Deploying web application directory [E:\torrent\apache-tomcat-10.0.16\apache-tomcat-10.0.16\webapps\examples]
24-Feb-2022 20:52:54.958 INFO [main] org.apache.catalina.startup.HostConfig.deployDirectory Deployment of web application directory [E:\torrent\apache-tomcat-10.0.16\apache-tomcat-10.0.16\webapps\examples] has finished in [436] ms
24-Feb-2022 20:52:54.958 INFO [main] org.apache.catalina.startup.HostConfig.deployDirectory Deploying web application directory [E:\torrent\apache-tomcat-10.0.16\apache-tomcat-10.0.16\webapps\helloworld]
24-Feb-2022 20:52:54.989 INFO [main] org.apache.catalina.startup.HostConfig.deployDirectory Deployment of web application directory [E:\torrent\apache-tomcat-10.0.16\apache-tomcat-10.0.16\webapps\helloworld] has finished in [30] ms
24-Feb-2022 20:52:54.989 INFO [main] org.apache.catalina.startup.HostConfig.deployDirectory Deploying web application directory [E:\torrent\apache-tomcat-10.0.16\apache-tomcat-10.0.16\webapps\host-manager]
24-Feb-2022 20:52:55.029 INFO [main] org.apache.catalina.startup.HostConfig.deployDirectory Deployment of web application directory [E:\torrent\apache-tomcat-10.0.16\apache-tomcat-10.0.16\webapps\host-manager] has finished in [40] ms
24-Feb-2022 20:52:55.030 INFO [main] org.apache.catalina.startup.HostConfig.deployDirectory Deploying web application directory [E:\torrent\apache-tomcat-10.0.16\apache-tomcat-10.0.16\webapps\lab_1_1]
24-Feb-2022 20:52:55.062 INFO [main] org.apache.catalina.startup.HostConfig.deployDirectory Deployment of web application directory [E:\torrent\apache-tomcat-10.0.16\apache-tomcat-10.0.16\webapps\lab_1_1] has finished in [31] ms
24-Feb-2022 20:52:55.062 INFO [main] org.apache.catalina.startup.HostConfig.deployDirectory Deploying web application directory [E:\torrent\apache-tomcat-10.0.16\apache-tomcat-10.0.16\webapps\manager]
24-Feb-2022 20:52:55.096 INFO [main] org.apache.catalina.startup.HostConfig.deployDirectory Deployment of web application directory [E:\torrent\apache-tomcat-10.0.16\apache-tomcat-10.0.16\webapps\manager] has finished in [34] ms
24-Feb-2022 20:52:55.096 INFO [main] org.apache.catalina.startup.HostConfig.deployDirectory Deploying web application directory [E:\torrent\apache-tomcat-10.0.16\apache-tomcat-10.0.16\webapps\ROOT]
24-Feb-2022 20:52:55.121 INFO [main] org.apache.catalina.startup.HostConfig.deployDirectory Deployment of web application directory [E:\torrent\apache-tomcat-10.0.16\apache-tomcat-10.0.16\webapps\ROOT] has finished in [25] ms
24-Feb-2022 20:52:55.122 INFO [main] org.apache.catalina.startup.HostConfig.deployDirectory Deploying web application directory [E:\torrent\apache-tomcat-10.0.16\apache-tomcat-10.0.16\webapps\staticsite]
24-Feb-2022 20:52:55.143 INFO [main] org.apache.catalina.startup.HostConfig.deployDirectory Deployment of web application directory [E:\torrent\apache-tomcat-10.0.16\apache-tomcat-10.0.16\webapps\staticsite] has finished in [21] ms
24-Feb-2022 20:52:55.147 INFO [main] org.apache.coyote.AbstractProtocol.start Starting ProtocolHandler ["http-nio-8080"]
24-Feb-2022 20:52:55.165 INFO [main] org.apache.catalina.startup.Catalina.start Server startup in [1374] milliseconds
24-Feb-2022 20:54:29.361 WARNING [http-nio-8080-exec-3] org.apache.catalina.realm.LockOutRealm.filterLockedAccounts An attempt was made to authenticate the locked user [admin]
24-Feb-2022 20:55:04.477 WARNING [http-nio-8080-exec-8] org.apache.catalina.realm.LockOutRealm.filterLockedAccounts An attempt was made to authenticate the locked user [admin]
24-Feb-2022 20:55:50.630 WARNING [http-nio-8080-exec-1] org.apache.catalina.realm.LockOutRealm.filterLockedAccounts An attempt was made to authenticate the locked user [admin]
24-Feb-2022 20:55:51.934 WARNING [http-nio-8080-exec-2] org.apache.catalina.realm.LockOutRealm.filterLockedAccounts An attempt was made to authenticate the locked user [admin]
24-Feb-2022 20:55:53.133 WARNING [http-nio-8080-exec-3] org.apache.catalina.realm.LockOutRealm.filterLockedAccounts An attempt was made to authenticate the locked user [admin]
24-Feb-2022 20:55:56.342 WARNING [http-nio-8080-exec-4] org.apache.catalina.realm.LockOutRealm.filterLockedAccounts An attempt was made to authenticate the locked user [admin]
24-Feb-2022 20:57:50.493 INFO [main] org.apache.catalina.core.StandardServer.await A valid shutdown command was received via the shutdown port. Stopping the Server instance.
24-Feb-2022 20:57:50.494 INFO [main] org.apache.coyote.AbstractProtocol.pause Pausing ProtocolHandler ["http-nio-8080"]
24-Feb-2022 20:57:50.716 INFO [main] org.apache.catalina.core.StandardService.stopInternal Stopping service [Catalina]
24-Feb-2022 20:57:50.765 INFO [main] org.apache.coyote.AbstractProtocol.stop Stopping ProtocolHandler ["http-nio-8080"]
24-Feb-2022 20:57:50.770 INFO [main] org.apache.coyote.AbstractProtocol.destroy Destroying ProtocolHandler ["http-nio-8080"]
