24-Feb-2022 19:12:11.160 INFO [main] org.apache.catalina.core.ApplicationContext.log ContextListener: contextInitialized()
24-Feb-2022 19:12:11.160 INFO [main] org.apache.catalina.core.ApplicationContext.log SessionListener: contextInitialized()
24-Feb-2022 19:12:11.163 INFO [main] org.apache.catalina.core.ApplicationContext.log ContextListener: attributeAdded('StockTicker', 'async.Stockticker@6a03bcb1')
24-Feb-2022 19:13:37.430 INFO [main] org.apache.catalina.core.ApplicationContext.log SessionListener: contextDestroyed()
24-Feb-2022 19:13:37.431 INFO [main] org.apache.catalina.core.ApplicationContext.log ContextListener: contextDestroyed()
24-Feb-2022 20:06:01.517 INFO [main] org.apache.catalina.core.ApplicationContext.log ContextListener: contextInitialized()
24-Feb-2022 20:06:01.519 INFO [main] org.apache.catalina.core.ApplicationContext.log SessionListener: contextInitialized()
24-Feb-2022 20:06:01.524 INFO [main] org.apache.catalina.core.ApplicationContext.log ContextListener: attributeAdded('StockTicker', 'async.Stockticker@3e96bacf')
24-Feb-2022 20:19:01.001 INFO [main] org.apache.catalina.core.ApplicationContext.log SessionListener: contextDestroyed()
24-Feb-2022 20:19:01.001 INFO [main] org.apache.catalina.core.ApplicationContext.log ContextListener: contextDestroyed()
24-Feb-2022 20:19:08.459 INFO [main] org.apache.catalina.core.ApplicationContext.log ContextListener: contextInitialized()
24-Feb-2022 20:19:08.459 INFO [main] org.apache.catalina.core.ApplicationContext.log SessionListener: contextInitialized()
24-Feb-2022 20:19:08.462 INFO [main] org.apache.catalina.core.ApplicationContext.log ContextListener: attributeAdded('StockTicker', 'async.Stockticker@6236eb5f')
24-Feb-2022 20:29:48.501 INFO [main] org.apache.catalina.core.ApplicationContext.log SessionListener: contextDestroyed()
24-Feb-2022 20:29:48.501 INFO [main] org.apache.catalina.core.ApplicationContext.log ContextListener: contextDestroyed()
24-Feb-2022 20:51:21.308 INFO [main] org.apache.catalina.core.ApplicationContext.log ContextListener: contextInitialized()
24-Feb-2022 20:51:21.308 INFO [main] org.apache.catalina.core.ApplicationContext.log SessionListener: contextInitialized()
24-Feb-2022 20:51:21.311 INFO [main] org.apache.catalina.core.ApplicationContext.log ContextListener: attributeAdded('StockTicker', 'async.Stockticker@fd07cbb')
24-Feb-2022 20:52:46.717 INFO [main] org.apache.catalina.core.ApplicationContext.log SessionListener: contextDestroyed()
24-Feb-2022 20:52:46.717 INFO [main] org.apache.catalina.core.ApplicationContext.log ContextListener: contextDestroyed()
24-Feb-2022 20:52:54.942 INFO [main] org.apache.catalina.core.ApplicationContext.log ContextListener: contextInitialized()
24-Feb-2022 20:52:54.942 INFO [main] org.apache.catalina.core.ApplicationContext.log SessionListener: contextInitialized()
24-Feb-2022 20:52:54.945 INFO [main] org.apache.catalina.core.ApplicationContext.log ContextListener: attributeAdded('StockTicker', 'async.Stockticker@7c1e2a9e')
24-Feb-2022 20:57:50.737 INFO [main] org.apache.catalina.core.ApplicationContext.log SessionListener: contextDestroyed()
24-Feb-2022 20:57:50.737 INFO [main] org.apache.catalina.core.ApplicationContext.log ContextListener: contextDestroyed()
